Reading settings: 'settings.json'
num_iter:  30
Settings loaded.
TASK: -1.12544810079 0.0214211524134 -> 4.5386323692
TASK: -0.312312721259 -1.88081112225 -> 6.12668604022
TASK: 1.56871827082 -1.65224466948 -> 5.02946960652
TASK: 0.945884856656 0.706797949692 -> -2.20061316547
TASK: -0.899882726524 -1.1071570474 -> 7.45177425629
TASK: 0.557707193832 -1.89995697911 -> 6.4274693234
gen	nevals	avg    	std    	min     	max    
0  	6     	4.56224	3.16836	-2.20061	7.45177
mutate: [1.569,-1.652] to: [1.391,-1.713]
TASK: 1.39061569053 -1.7126490616 -> 4.31366732604
1  	1     	2.6012 	3.44303	-2.20061	6.12669
mutate: [0.946,0.707] to: [1.031,0.724]
mutate: [1.391,-1.713] to: [1.449,-1.481]
mutate: [0.946,0.707] to: [0.890,0.624]
TASK: 0.889705097423 0.623639839567 -> -1.64859362954
TASK: 1.44869366469 -1.48050820991 -> 4.23837661674
TASK: 1.03118298004 0.724239022445 -> -2.51302169686
TASK: 1.39061569053 -1.7126490616 -> 4.31366732604
TASK: 1.39061569053 -1.7126490616 -> 4.31366732604
2  	5     	1.08391	3.2147 	-2.51302	4.31367
mutate: [1.031,-1.481] to: [1.004,-1.629]
mutate: [0.890,0.624] to: [0.859,0.586]
mutate: [1.391,-1.713] to: [1.153,-1.642]
TASK: 1.15302843322 -1.64155264114 -> 3.72697958904
TASK: 0.858929550984 0.585977486702 -> -1.3828478581
TASK: 1.00350398966 -1.62926890338 -> 3.91541429215
TASK: 1.44869366469 0.724239022445 -> -1.94964910999
3  	4     	-0.119358	2.81304	-2.51302	3.91541
mutate: [0.859,0.586] to: [0.821,0.589]
mutate: [1.449,0.586] to: [1.324,0.606]
mutate: [1.449,0.724] to: [1.522,0.649]
mutate: [1.031,0.724] to: [0.874,0.685]
TASK: 0.87428283807 0.684692764612 -> -1.84085631629
TASK: 1.5216600083 0.648880182156 -> -1.28053357492
TASK: 1.3238756929 0.605519763192 -> -1.91522312753
TASK: 0.858929550984 0.724239022445 -> -1.95175434968
TASK: 0.821201580404 0.589307077034 -> -1.23571167848
4  	5     	-1.78952 	0.434738	-2.51302	-1.23571
mutate: [1.031,0.724] to: [1.118,0.785]
mutate: [0.859,0.724] to: [0.701,0.757]
mutate: [1.031,0.724] to: [0.957,0.777]
TASK: 0.87428283807 0.684692764612 -> -1.84085631629
TASK: 0.956654690118 0.776533581134 -> -2.54542627345
TASK: 1.03118298004 0.724239022445 -> -2.51302169686
TASK: 1.03118298004 0.724239022445 -> -2.51302169686
TASK: 0.700774314773 0.757484307082 -> -1.40815831695
TASK: 1.11829161814 0.784995760143 -> -2.90969315078
5  	6     	-2.28836 	0.504661	-2.90969	-1.40816
mutate: [1.031,0.724] to: [0.809,0.841]
mutate: [0.874,0.685] to: [0.798,0.937]
TASK: 0.79813654932 0.936665920404 -> -2.57499193558
TASK: 1.11829161814 0.724239022445 -> -2.63928174375
TASK: 1.03118298004 0.784995760143 -> -2.78343310389
TASK: 1.03118298004 0.724239022445 -> -2.51302169686
TASK: 0.808846232707 0.841054100096 -> -2.25264063769
6  	5     	-2.61218 	0.20779 	-2.90969	-2.25264
mutate: [1.118,0.724] to: [1.078,0.650]
mutate: [1.118,0.785] to: [1.119,0.746]
mutate: [1.118,0.785] to: [1.451,0.782]
mutate: [1.118,0.724] to: [1.136,0.801]
TASK: 1.11829161814 0.784995760143 -> -2.90969315078
TASK: 1.11829161814 0.724239022445 -> -2.63928174375
TASK: 1.13630443067 0.800650333038 -> -2.98871104807
TASK: 1.4513185045 0.781761622891 -> -2.19406346289
TASK: 1.11874625947 0.746188895989 -> -2.73723615627
TASK: 1.07839121096 0.649798623792 -> -2.27654064155
7  	6     	-2.62425 	0.298123	-2.98871	-2.19406
mutate: [1.118,0.785] to: [1.279,0.677]
mutate: [1.136,0.801] to: [1.065,0.838]
mutate: [1.136,0.801] to: [1.155,0.660]
mutate: [1.136,0.801] to: [1.129,0.674]
mutate: [1.118,0.801] to: [1.158,0.803]
TASK: 1.13630443067 0.784995760143 -> -2.91964406302
TASK: 1.15777245069 0.803052006683 -> -3.0035730836
TASK: 1.12932878685 0.674173775934 -> -2.42777929167
TASK: 1.15514286113 0.659517735489 -> -2.37327709887
TASK: 1.06492028366 0.837830715473 -> -3.07694849056
TASK: 1.27853407062 0.676589654449 -> -2.31658104686
8  	6     	-2.6863  	0.31865 	-3.07695	-2.31658
mutate: [1.129,0.674] to: [1.122,0.585]
TASK: 1.12175196405 0.584633351719 -> -2.06787188337
TASK: 1.13630443067 0.784995760143 -> -2.91964406302
9  	2     	-2.85633 	0.35956 	-3.07695	-2.06787
mutate: [1.136,0.785] to: [1.219,0.852]
mutate: [1.065,0.838] to: [0.971,0.764]
mutate: [1.136,0.838] to: [1.068,0.802]
TASK: 1.06492028366 0.784995760143 -> -2.84721490428
TASK: 1.0683319277 0.802338294597 -> -2.92912038781
TASK: 0.970908284605 0.763757033459 -> -2.53267982401
TASK: 1.21926316038 0.852234171078 -> -3.18073322332
TASK: 1.06492028366 0.837830715473 -> -3.07694849056
10 	5     	-2.94061 	0.21217 	-3.18073	-2.53268
mutate: [1.065,0.802] to: [1.062,0.801]
mutate: [1.065,0.838] to: [0.946,0.894]
mutate: [1.219,0.852] to: [1.154,0.877]
mutate: [1.219,0.852] to: [1.364,0.748]
TASK: 1.36429415455 0.74849823688 -> -2.39220413044
TASK: 1.15444973494 0.876883575068 -> -3.31434607261
TASK: 0.945778901056 0.893996698183 -> -3.00510056
TASK: 1.06219893072 0.801492906842 -> -2.91551223497
TASK: 1.0683319277 0.837830715473 -> -3.08237900531
11 	5     	-2.98171 	0.292358	-3.31435	-2.3922 
mutate: [1.219,0.852] to: [1.164,0.880]
mutate: [1.154,0.838] to: [1.155,1.032]
mutate: [1.068,0.838] to: [1.115,0.697]
TASK: 1.21926316038 0.852234171078 -> -3.18073322332
TASK: 1.11544917527 0.697093550694 -> -2.51776553926
TASK: 1.15542809145 1.03204926054 -> -3.80486467005
TASK: 1.0683319277 0.876883575068 -> -3.24315295105
TASK: 1.16381588893 0.880421842405 -> -3.32824263253
12 	5     	-3.23152 	0.377955	-3.80486	-2.51777
mutate: [1.155,1.032] to: [1.051,1.101]
mutate: [1.155,1.032] to: [1.183,1.133]
TASK: 1.15542809145 1.03204926054 -> -3.80486467005
TASK: 1.15542809145 1.03204926054 -> -3.80486467005
TASK: 1.15444973494 1.03204926054 -> -3.80480584582
TASK: 1.15542809145 0.876883575068 -> -3.31440489684
TASK: 1.18339750843 1.13263357703 -> -3.93205891391
TASK: 1.05084438768 1.10065447888 -> -3.81291358635
13 	6     	-3.74565 	0.198224	-3.93206	-3.3144 
mutate: [1.155,1.032] to: [1.122,0.990]
mutate: [1.051,1.101] to: [1.144,1.131]
mutate: [1.155,1.032] to: [1.077,1.182]
mutate: [1.183,1.133] to: [1.186,0.944]
mutate: [1.155,1.133] to: [1.173,1.142]
TASK: 1.18339750843 1.03204926054 -> -3.79927148975
TASK: 1.17265098728 1.14237236471 -> -3.93949168798
TASK: 1.18578234388 0.943792037879 -> -3.55388322356
TASK: 1.07684714546 1.18194956451 -> -3.87997239177
TASK: 1.14364296578 1.13099015401 -> -3.93502636056
TASK: 1.12172711876 0.989848081192 -> -3.6894091879
14 	6     	-3.79951 	0.139576	-3.93949	-3.55388
mutate: [1.144,1.131] to: [1.135,1.092]
mutate: [1.173,1.142] to: [1.200,0.949]
TASK: 1.20008784685 0.94942481938 -> -3.56357728192
TASK: 1.17265098728 1.14237236471 -> -3.93949168798
TASK: 1.17265098728 1.14237236471 -> -3.93949168798
TASK: 1.13497336677 1.09218775766 -> -3.89997832964
15 	4     	-3.86033 	0.134672	-3.93949	-3.56358
mutate: [1.173,1.142] to: [1.285,0.991]
mutate: [1.173,1.142] to: [1.228,1.092]
mutate: [1.173,1.142] to: [1.098,1.080]
mutate: [1.173,1.142] to: [1.210,1.091]
mutate: [1.173,1.142] to: [1.200,1.055]
TASK: 1.17265098728 1.14237236471 -> -3.93949168798
TASK: 1.19965453134 1.05524379248 -> -3.835037363
TASK: 1.21019672054 1.09134039755 -> -3.87963044057
TASK: 1.09756934325 1.07999539619 -> -3.85664113772
TASK: 1.22767823686 1.09174956879 -> -3.86108606014
TASK: 1.28507262171 0.991088853991 -> -3.5615205922
16 	6     	-3.82223 	0.121018	-3.93949	-3.56152
mutate: [1.228,1.092] to: [1.227,1.142]
mutate: [1.173,1.142] to: [1.263,1.227]
mutate: [1.210,1.080] to: [1.234,1.193]
TASK: 1.23432013523 1.19250641696 -> -3.88119311442
TASK: 1.09756934325 1.09134039755 -> -3.87109407867
TASK: 1.26320813787 1.2269356801 -> -3.802807386
TASK: 1.22723099633 1.14245833958 -> -3.89867692057
17 	4     	-3.86575 	0.0303519	-3.89868	-3.80281
mutate: [1.263,1.227] to: [1.240,1.203]
mutate: [1.227,1.142] to: [1.149,1.110]
mutate: [1.234,1.193] to: [1.247,1.057]
mutate: [1.234,1.142] to: [1.126,1.127]
TASK: 1.12598647985 1.12698980063 -> -3.92553218981
TASK: 1.22723099633 1.19250641696 -> -3.89039590092
TASK: 1.24669460147 1.05652446628 -> -3.78260985935
TASK: 1.14867105192 1.10972118342 -> -3.92176925557
TASK: 1.24039959962 1.2028159439 -> -3.8652973058
18 	5     	-3.88071 	0.0482575	-3.92553	-3.78261
mutate: [1.149,1.110] to: [1.010,1.070]
TASK: 1.00985986177 1.06980637458 -> -3.68465893364
TASK: 1.12598647985 1.12698980063 -> -3.92553218981
TASK: 1.14867105192 1.10972118342 -> -3.92176925557
TASK: 1.12598647985 1.12698980063 -> -3.92553218981
19 	4     	-3.88351 	0.0889427	-3.92553	-3.68466
mutate: [1.126,1.127] to: [1.289,1.169]
mutate: [1.126,1.127] to: [0.997,0.946]
mutate: [1.126,1.127] to: [1.004,1.054]
TASK: 1.00396750092 1.05448645883 -> -3.64432866739
TASK: 0.99685239349 0.945660003537 -> -3.34358553261
TASK: 1.288675666 1.16901380818 -> -3.79120444782
20 	3     	-3.75866 	0.211627 	-3.92553	-3.34359
mutate: [1.126,1.127] to: [1.162,1.215]
mutate: [1.126,1.127] to: [0.908,1.057]
mutate: [1.126,1.127] to: [1.110,1.079]
TASK: 1.10973155513 1.07877276912 -> -3.86670520584
TASK: 0.907662896109 1.05723378181 -> -3.3433882151
TASK: 1.1622081196 1.21456500992 -> -3.91501101679
21 	3     	-3.79331 	0.206412 	-3.92177	-3.34339
mutate: [1.162,1.215] to: [1.188,1.114]
TASK: 1.18796180877 1.11427718513 -> -3.91842527594
TASK: 1.1622081196 1.10972118342 -> -3.92246104125
TASK: 1.14867105192 1.21456500992 -> -3.91431923111
22 	3     	-3.92009 	0.00289121	-3.92246	-3.91432
mutate: [1.162,1.110] to: [1.067,0.951]
mutate: [1.149,1.110] to: [1.264,1.137]
TASK: 1.26362025016 1.1369513516 -> -3.84029030104
TASK: 1.0665119628 0.950908563026 -> -3.50992716388
23 	2     	-3.83989 	0.150573  	-3.92246	-3.50993
mutate: [1.162,1.110] to: [1.278,1.192]
mutate: [1.162,1.110] to: [1.088,0.907]
TASK: 1.08769296206 0.90675319465 -> -3.38552089626
TASK: 1.1622081196 1.10972118342 -> -3.92246104125
TASK: 1.27768316968 1.19190498119 -> -3.80624441911
24 	3     	-3.8136  	0.19609   	-3.92246	-3.38552
mutate: [1.162,1.110] to: [1.162,1.303]
mutate: [1.162,1.110] to: [1.076,1.186]
mutate: [1.162,1.110] to: [1.045,1.053]
TASK: 1.1622081196 1.10972118342 -> -3.92246104125
TASK: 1.0445524826 1.05261054608 -> -3.73258165578
TASK: 1.07616602857 1.18587272355 -> -3.87719177921
TASK: 1.16208888449 1.30292015771 -> -3.75783907368
TASK: 1.1622081196 1.10972118342 -> -3.92246104125
TASK: 1.1622081196 1.10972118342 -> -3.92246104125
25 	6     	-3.85583 	0.0801746 	-3.92246	-3.73258
mutate: [1.162,1.110] to: [1.040,1.158]
mutate: [1.076,1.186] to: [1.030,1.345]
TASK: 1.02976870066 1.34516067971 -> -3.49397504354
TASK: 1.03956107983 1.15754827092 -> -3.82058812649
26 	2     	-3.82652 	0.15319   	-3.92246	-3.49398
mutate: [1.040,1.158] to: [1.044,1.141]
mutate: [1.162,1.110] to: [1.093,0.978]
TASK: 1.09257936618 0.977556660044 -> -3.62814109081
TASK: 1.04379434876 1.14134925885 -> -3.82645753342
27 	2     	-3.85741 	0.108358  	-3.92246	-3.62814
mutate: [1.162,1.110] to: [1.159,1.052]
mutate: [1.162,1.110] to: [1.256,1.177]
mutate: [1.162,1.110] to: [1.187,1.102]
mutate: [1.162,1.110] to: [0.932,1.195]
TASK: 0.93233135976 1.19512979396 -> -3.50950102827
TASK: 1.18681360712 1.10198564134 -> -3.90810491118
TASK: 1.25641995444 1.17728915851 -> -3.85413665385
TASK: 1.15939476153 1.05184917822 -> -3.84428622982
28 	4     	-3.82683 	0.145284  	-3.92246	-3.5095 
mutate: [1.162,1.110] to: [1.214,1.165]
mutate: [1.162,1.102] to: [1.150,1.083]
mutate: [1.187,1.110] to: [1.205,1.038]
mutate: [1.162,1.110] to: [1.177,1.139]
TASK: 1.1622081196 1.10972118342 -> -3.92246104125
TASK: 1.17724141584 1.13888340914 -> -3.93701442189
TASK: 1.20513970857 1.03831716787 -> -3.79832690109
TASK: 1.15009013452 1.08260730096 -> -3.89231629109
TASK: 1.21421433949 1.16509669606 -> -3.91508606964
TASK: 1.1622081196 1.10972118342 -> -3.92246104125
29 	6     	-3.89794 	0.0465076 	-3.93701	-3.79833
Swift: FINAL
Swift: finals: 1.1622081196,1.10972118342;1.21421433949,1.16509669606;1.15009013452,1.08260730096;1.20513970857,1.03831716787;1.17724141584,1.13888340914;1.1622081196,1.10972118342
-3.92246104125;-3.91508606964;-3.89231629109;-3.79832690109;-3.93701442189;-3.92246104125
gen	nevals	avg      	std       	min     	max     
0  	6     	4.56224  	3.16836   	-2.20061	7.45177 
1  	1     	2.6012   	3.44303   	-2.20061	6.12669 
2  	5     	1.08391  	3.2147    	-2.51302	4.31367 
3  	4     	-0.119358	2.81304   	-2.51302	3.91541 
4  	5     	-1.78952 	0.434738  	-2.51302	-1.23571
5  	6     	-2.28836 	0.504661  	-2.90969	-1.40816
6  	5     	-2.61218 	0.20779   	-2.90969	-2.25264
7  	6     	-2.62425 	0.298123  	-2.98871	-2.19406
8  	6     	-2.6863  	0.31865   	-3.07695	-2.31658
9  	2     	-2.85633 	0.35956   	-3.07695	-2.06787
10 	5     	-2.94061 	0.21217   	-3.18073	-2.53268
11 	5     	-2.98171 	0.292358  	-3.31435	-2.3922 
12 	5     	-3.23152 	0.377955  	-3.80486	-2.51777
13 	6     	-3.74565 	0.198224  	-3.93206	-3.3144 
14 	6     	-3.79951 	0.139576  	-3.93949	-3.55388
15 	4     	-3.86033 	0.134672  	-3.93949	-3.56358
16 	6     	-3.82223 	0.121018  	-3.93949	-3.56152
17 	4     	-3.86575 	0.0303519 	-3.89868	-3.80281
18 	5     	-3.88071 	0.0482575 	-3.92553	-3.78261
19 	4     	-3.88351 	0.0889427 	-3.92553	-3.68466
20 	3     	-3.75866 	0.211627  	-3.92553	-3.34359
21 	3     	-3.79331 	0.206412  	-3.92177	-3.34339
22 	3     	-3.92009 	0.00289121	-3.92246	-3.91432
23 	2     	-3.83989 	0.150573  	-3.92246	-3.50993
24 	3     	-3.8136  	0.19609   	-3.92246	-3.38552
25 	6     	-3.85583 	0.0801746 	-3.92246	-3.73258
26 	2     	-3.82652 	0.15319   	-3.92246	-3.49398
27 	2     	-3.85741 	0.108358  	-3.92246	-3.62814
28 	4     	-3.82683 	0.145284  	-3.92246	-3.5095 
29 	6     	-3.89794 	0.0465076 	-3.93701	-3.79833
